\BOOKMARK [0][-]{chapter.1}{\376\377\000I\000n\000t\000r\000o\000d\000u\000c\000c\000i\000\363\000n}{}% 1
\BOOKMARK [1][-]{section.1.1}{\376\377\000\277\000Q\000u\000\351\000\040\000e\000s\000\040\000l\000a\000\040\000e\000c\000o\000n\000o\000m\000\355\000a\000\040\000p\000o\000l\000\355\000t\000i\000c\000a\000?}{chapter.1}% 2
\BOOKMARK [1][-]{section.1.2}{\376\377\000M\000i\000c\000r\000o\000e\000c\000o\000n\000o\000m\000\355\000a\000\040\000y\000\040\000m\000a\000c\000r\000o\000e\000c\000o\000n\000o\000m\000\355\000a}{chapter.1}% 3
\BOOKMARK [1][-]{section.1.3}{\376\377\000E\000l\000\040\000p\000r\000o\000b\000l\000e\000m\000a\000\040\000d\000e\000\040\000l\000a\000\040\000r\000a\000c\000i\000o\000n\000a\000l\000i\000d\000a\000d}{chapter.1}% 4
\BOOKMARK [0][-]{chapter.2}{\376\377\000E\000p\000i\000s\000t\000e\000m\000o\000l\000o\000g\000\355\000a\000\040\000e\000c\000o\000n\000\363\000m\000i\000c\000a}{}% 5
\BOOKMARK [1][-]{section.2.1}{\376\377\000E\000l\000\040\000h\000o\000m\000o\000\040\000e\000c\000o\000n\000\363\000m\000i\000c\000o}{chapter.2}% 6
\BOOKMARK [1][-]{section.2.2}{\376\377\000R\000a\000c\000i\000o\000n\000a\000l\000i\000d\000a\000d\000\040\000l\000i\000m\000i\000t\000a\000d\000a}{chapter.2}% 7
\BOOKMARK [1][-]{section.2.3}{\376\377\000I\000n\000f\000e\000r\000e\000n\000c\000i\000a\000\040\000y\000\040\000c\000o\000m\000p\000o\000r\000t\000a\000m\000i\000e\000n\000t\000o}{chapter.2}% 8
\BOOKMARK [1][-]{section.2.4}{\376\377\000I\000n\000t\000u\000i\000c\000i\000\363\000n\000\040\000y\000\040\000c\000o\000m\000p\000o\000r\000t\000a\000m\000i\000e\000n\000t\000o}{chapter.2}% 9
\BOOKMARK [1][-]{section.2.5}{\376\377\000T\000r\000a\000m\000p\000a\000s\000\040\000d\000e\000\040\000i\000g\000n\000o\000r\000a\000n\000c\000i\000a}{chapter.2}% 10
\BOOKMARK [0][-]{chapter.3}{\376\377\000E\000l\000\040\000p\000r\000o\000b\000l\000e\000m\000a\000\040\000d\000e\000\040\000l\000o\000\040\000p\000r\000i\000v\000a\000d\000o\000\040\000y\000\040\000l\000o\000\040\000p\000\372\000b\000l\000i\000c\000o}{}% 11
\BOOKMARK [1][-]{section.3.1}{\376\377\000L\000a\000\040\000e\000c\000o\000n\000o\000m\000\355\000a\000\040\000d\000e\000s\000c\000e\000n\000t\000r\000a\000l\000i\000z\000a\000d\000a}{chapter.3}% 12
\BOOKMARK [1][-]{section.3.2}{\376\377\000P\000o\000d\000e\000r\000\040\000d\000e\000\040\000m\000e\000r\000c\000a\000d\000o}{chapter.3}% 13
\BOOKMARK [1][-]{section.3.3}{\376\377\000B\000i\000e\000n\000e\000s\000\040\000c\000l\000u\000b\000,\000\040\000c\000o\000m\000u\000n\000e\000s\000\040\000y\000\040\000p\000\372\000b\000l\000i\000c\000o\000s}{chapter.3}% 14
\BOOKMARK [1][-]{section.3.4}{\376\377\000E\000l\000e\000c\000c\000i\000\363\000n\000\040\000p\000\372\000b\000l\000i\000c\000a}{chapter.3}% 15
\BOOKMARK [1][-]{section.3.5}{\376\377\000E\000x\000t\000e\000r\000n\000a\000l\000i\000d\000a\000d\000e\000s}{chapter.3}% 16
\BOOKMARK [1][-]{section.3.6}{\376\377\000F\000a\000l\000l\000a\000s\000\040\000d\000e\000l\000\040\000E\000s\000t\000a\000d\000o}{chapter.3}% 17
\BOOKMARK [1][-]{section.3.7}{\376\377\000T\000r\000a\000m\000p\000a\000s\000\040\000d\000e\000\040\000i\000n\000e\000f\000i\000c\000i\000e\000n\000c\000i\000a\000\040\000y\000\040\000t\000r\000a\000m\000p\000a\000s\000\040\000d\000e\000\040\000i\000n\000e\000f\000i\000c\000a\000c\000i\000a}{chapter.3}% 18
\BOOKMARK [0][-]{section*.4}{\376\377\000A\000p\000p\000e\000n\000d\000i\000c\000e\000s}{}% 19
\BOOKMARK [0][-]{appendix.alph1.Alph1}{\376\377\000A\000n\000e\000x\000o}{}% 20
\BOOKMARK [1][-]{section.alph1.Alph1.1}{\376\377\000D\000e\000m\000o\000s\000t\000r\000a\000c\000i\000\363\000n\000\040\000L\000e\000y\000\040\000d\000e\000\040\000W\000a\000l\000r\000a\000s}{appendix.alph1.Alph1}% 21
\BOOKMARK [1][-]{section.alph1.Alph1.2}{\376\377\000E\000q\000u\000i\000l\000i\000b\000r\000i\000o\000\040\000G\000e\000n\000e\000r\000a\000l\000\040\000c\000o\000n\000\040\000P\000r\000o\000d\000u\000c\000c\000i\000\363\000n}{appendix.alph1.Alph1}% 22
\BOOKMARK [1][-]{section.alph1.Alph1.3}{\376\377\000S\000o\000l\000u\000c\000i\000o\000n\000e\000s\000\040\000a\000\040\000l\000a\000\040\000C\000o\000a\000s\000e}{appendix.alph1.Alph1}% 23
\BOOKMARK [1][-]{section.alph1.Alph1.4}{\376\377\000G\000e\000o\000m\000e\000t\000r\000\355\000a\000\040\000d\000e\000\040\000l\000a\000s\000\040\000c\000u\000r\000v\000a\000s\000\040\000d\000e\000\040\000c\000o\000n\000t\000r\000a\000t\000o\000\040\000b\000a\000j\000o\000\040\000d\000i\000f\000e\000r\000e\000n\000t\000e\000s\000\040\000f\000u\000n\000c\000i\000o\000n\000e\000s\000\040\000d\000e\000\040\000u\000t\000i\000l\000i\000d\000a\000d}{appendix.alph1.Alph1}% 24
\BOOKMARK [0][-]{appendix.4}{\376\377\000E\000l\000\040\000p\000r\000o\000b\000l\000e\000m\000a\000\040\000d\000e\000l\000\040\000t\000i\000e\000m\000p\000o\000\040\000y\000\040\000d\000e\000l\000\040\000r\000i\000e\000s\000g\000o}{}% 25
\BOOKMARK [1][-]{section.4.1}{\376\377\000O\000p\000t\000i\000m\000i\000z\000a\000c\000i\000\363\000n\000\040\000i\000n\000t\000e\000r\000t\000e\000m\000p\000o\000r\000a\000l\000\040\000y\000\040\000l\000a\000\040\000a\000v\000e\000r\000s\000i\000\363\000n\000\040\000a\000l\000\040\000c\000a\000m\000b\000i\000o}{appendix.4}% 26
\BOOKMARK [1][-]{section.4.2}{\376\377\000I\000n\000c\000o\000n\000s\000i\000s\000t\000e\000n\000c\000i\000a\000\040\000t\000e\000m\000p\000o\000r\000a\000l}{appendix.4}% 27
\BOOKMARK [1][-]{section.4.3}{\376\377\000O\000p\000t\000i\000m\000i\000z\000a\000c\000i\000\363\000n\000\040\000i\000n\000t\000e\000r\000e\000s\000t\000a\000d\000o\000s\000\040\000y\000\040\000l\000a\000\040\000a\000v\000e\000r\000s\000i\000\363\000n\000\040\000a\000l\000\040\000r\000i\000e\000s\000g\000o}{appendix.4}% 28
\BOOKMARK [1][-]{section.4.4}{\376\377\000S\000e\000g\000u\000r\000o\000s}{appendix.4}% 29
\BOOKMARK [1][-]{section.4.5}{\376\377\000T\000e\000o\000r\000\355\000a\000\040\000d\000e\000\040\000l\000o\000s\000\040\000m\000e\000r\000c\000a\000d\000o\000s\000\040\000e\000f\000i\000c\000i\000e\000n\000t\000e\000s}{appendix.4}% 30
\BOOKMARK [1][-]{section.4.6}{\376\377\000L\000a\000\040\000t\000e\000o\000r\000\355\000a\000\040\000d\000e\000\040\000l\000a\000\040\000p\000r\000o\000t\000e\000c\000c\000i\000\363\000n\000\040\000s\000o\000c\000i\000a\000l}{appendix.4}% 31
\BOOKMARK [1][-]{section.4.7}{\376\377\000T\000r\000a\000m\000p\000a\000s\000\040\000d\000e\000\040\000i\000m\000p\000a\000c\000i\000e\000n\000c\000i\000a\000\040\000y\000\040\000t\000r\000a\000m\000p\000a\000s\000\040\000d\000e\000\040\000m\000i\000e\000d\000o}{appendix.4}% 32
\BOOKMARK [0][-]{section*.8}{\376\377\000A\000p\000p\000e\000n\000d\000i\000c\000e\000s}{}% 33
\BOOKMARK [0][-]{appendix.alph2.Alph2}{\376\377\000A\000p\000\351\000n\000d\000i\000c\000e}{}% 34
\BOOKMARK [1][-]{section.alph2.Alph2.1}{\376\377\000R\000a\000n\000d\000o\000m\000\040\000W\000a\000l\000k}{appendix.alph2.Alph2}% 35
\BOOKMARK [1][-]{section.alph2.Alph2.2}{\376\377\000I\000n\000c\000e\000r\000t\000i\000d\000u\000m\000b\000r\000e\000\040\000y\000\040\000a\000h\000o\000r\000r\000o\000\040\000p\000o\000r\000\040\000p\000r\000e\000c\000a\000u\000c\000i\000\363\000n}{appendix.alph2.Alph2}% 36
\BOOKMARK [1][-]{section.alph2.Alph2.3}{\376\377\000M\000o\000d\000e\000l\000o\000\040\000C\000A\000P\000M\000\040\000d\000e\000\040\000c\000o\000n\000s\000u\000m\000o}{appendix.alph2.Alph2}% 37
\BOOKMARK [0][-]{appendix.5}{\376\377\000O\000r\000g\000a\000n\000i\000z\000a\000c\000i\000\363\000n\000\040\000i\000n\000d\000u\000s\000t\000r\000i\000a\000l}{}% 38
\BOOKMARK [1][-]{section.5.1}{\376\377\000J\000u\000e\000g\000o\000s\000\040\000s\000i\000m\000u\000l\000t\000a\000n\000e\000o\000s}{appendix.5}% 39
\BOOKMARK [1][-]{section.5.2}{\376\377\000J\000u\000e\000g\000o\000s\000\040\000s\000e\000c\000u\000e\000n\000c\000i\000a\000l\000e\000s}{appendix.5}% 40
\BOOKMARK [1][-]{section.5.3}{\376\377\000C\000o\000m\000p\000e\000t\000e\000n\000c\000i\000a\000\040\000i\000m\000p\000e\000r\000f\000e\000c\000t\000a}{appendix.5}% 41
\BOOKMARK [1][-]{section.5.4}{\376\377\000A\000c\000u\000e\000r\000d\000o\000s\000\040\000c\000o\000l\000u\000s\000i\000v\000o\000s}{appendix.5}% 42
\BOOKMARK [0][-]{section*.29}{\376\377\000A\000p\000p\000e\000n\000d\000i\000c\000e\000s}{}% 43
\BOOKMARK [0][-]{appendix.alph3.Alph3}{\376\377\000A\000n\000e\000x\000o}{}% 44
\BOOKMARK [1][-]{section.alph3.Alph3.1}{\376\377\000C\000o\000u\000r\000n\000o\000t\000\040\000c\000o\000n\000\040\000r\000e\000s\000t\000r\000i\000c\000c\000i\000o\000n\000e\000s\000\040\000d\000e\000\040\000c\000a\000p\000a\000c\000i\000d\000a\000d}{appendix.alph3.Alph3}% 45
