This is pdfTeX, Version 3.141592653-2.6-1.40.25 (TeX Live 2023) (preloaded format=pdflatex 2023.7.15)  30 JUN 2024 09:09
entering extended mode
 restricted \write18 enabled.
 %&-line parsing enabled.
**/Users/joaquin/Documents/GitHub/MICROECONOMIA-como-una-economia-politica/Apunte
(/Users/joaquin/Documents/GitHub/MICROECONOMIA-como-una-economia-politica/Apunte.tex
LaTeX2e <2022-11-01> patch level 1
L3 programming layer <2023-02-22> (/usr/local/texlive/2023/texmf-dist/tex/latex/base/book.cls
Document Class: book 2022/07/02 v1.4n Standard LaTeX document class
(/usr/local/texlive/2023/texmf-dist/tex/latex/base/bk12.clo
File: bk12.clo 2022/07/02 v1.4n Standard LaTeX file (size option)
)
\c@part=\count185
\c@chapter=\count186
\c@section=\count187
\c@subsection=\count188
\c@subsubsection=\count189
\c@paragraph=\count190
\c@subparagraph=\count191
\c@figure=\count192
\c@table=\count193
\abovecaptionskip=\skip48
\belowcaptionskip=\skip49
\bibindent=\dimen140
) (/usr/local/texlive/2023/texmf-dist/tex/latex/appendix/appendix.sty
Package: appendix 2020/02/08 v1.2c extra appendix facilities
\c@@pps=\count194
\c@@ppsavesec=\count195
\c@@ppsaveapp=\count196
) (/usr/local/texlive/2023/texmf-dist/tex/latex/amsmath/amsmath.sty
Package: amsmath 2022/04/08 v2.17n AMS math features
\@mathmargin=\skip50

For additional information on amsmath, use the `?' option.
(/usr/local/texlive/2023/texmf-dist/tex/latex/amsmath/amstext.sty
Package: amstext 2021/08/26 v2.01 AMS text
 (/usr/local/texlive/2023/texmf-dist/tex/latex/amsmath/amsgen.sty
File: amsgen.sty 1999/11/30 v2.0 generic functions
\@emptytoks=\toks16
\ex@=\dimen141
)) (/usr/local/texlive/2023/texmf-dist/tex/latex/amsmath/amsbsy.sty
Package: amsbsy 1999/11/29 v1.2d Bold Symbols
\pmbraise@=\dimen142
) (/usr/local/texlive/2023/texmf-dist/tex/latex/amsmath/amsopn.sty
Package: amsopn 2022/04/08 v2.04 operator names
)
\inf@bad=\count197
LaTeX Info: Redefining \frac on input line 234.
\uproot@=\count198
\leftroot@=\count199
LaTeX Info: Redefining \overline on input line 399.
LaTeX Info: Redefining \colon on input line 410.
\classnum@=\count266
\DOTSCASE@=\count267
LaTeX Info: Redefining \ldots on input line 496.
LaTeX Info: Redefining \dots on input line 499.
LaTeX Info: Redefining \cdots on input line 620.
\Mathstrutbox@=\box51
\strutbox@=\box52
LaTeX Info: Redefining \big on input line 722.
LaTeX Info: Redefining \Big on input line 723.
LaTeX Info: Redefining \bigg on input line 724.
LaTeX Info: Redefining \Bigg on input line 725.
\big@size=\dimen143
LaTeX Font Info:    Redeclaring font encoding OML on input line 743.
LaTeX Font Info:    Redeclaring font encoding OMS on input line 744.
\macc@depth=\count268
LaTeX Info: Redefining \bmod on input line 905.
LaTeX Info: Redefining \pmod on input line 910.
LaTeX Info: Redefining \smash on input line 940.
LaTeX Info: Redefining \relbar on input line 970.
LaTeX Info: Redefining \Relbar on input line 971.
\c@MaxMatrixCols=\count269
\dotsspace@=\muskip16
\c@parentequation=\count270
\dspbrk@lvl=\count271
\tag@help=\toks17
\row@=\count272
\column@=\count273
\maxfields@=\count274
\andhelp@=\toks18
\eqnshift@=\dimen144
\alignsep@=\dimen145
\tagshift@=\dimen146
\tagwidth@=\dimen147
\totwidth@=\dimen148
\lineht@=\dimen149
\@envbody=\toks19
\multlinegap=\skip51
\multlinetaggap=\skip52
\mathdisplay@stack=\toks20
LaTeX Info: Redefining \[ on input line 2953.
LaTeX Info: Redefining \] on input line 2954.
) (/usr/local/texlive/2023/texmf-dist/tex/latex/amsfonts/amssymb.sty
Package: amssymb 2013/01/14 v3.01 AMS font symbols
 (/usr/local/texlive/2023/texmf-dist/tex/latex/amsfonts/amsfonts.sty
Package: amsfonts 2013/01/14 v3.01 Basic AMSFonts support
\symAMSa=\mathgroup4
\symAMSb=\mathgroup5
LaTeX Font Info:    Redeclaring math symbol \hbar on input line 98.
LaTeX Font Info:    Overwriting math alphabet `\mathfrak' in version `bold'
(Font)                  U/euf/m/n --> U/euf/b/n on input line 106.
)) (/usr/local/texlive/2023/texmf-dist/tex/latex/amscls/amsthm.sty
Package: amsthm 2020/05/29 v2.20.6
\thm@style=\toks21
\thm@bodyfont=\toks22
\thm@headfont=\toks23
\thm@notefont=\toks24
\thm@headpunct=\toks25
\thm@preskip=\skip53
\thm@postskip=\skip54
\thm@headsep=\skip55
\dth@everypar=\toks26
) (/usr/local/texlive/2023/texmf-dist/tex/latex/base/inputenc.sty
Package: inputenc 2021/02/14 v1.3d Input encoding file
\inpenc@prehook=\toks27
\inpenc@posthook=\toks28
) (/usr/local/texlive/2023/texmf-dist/tex/generic/babel/babel.sty
Package: babel 2023/02/13 3.86 The Babel package
\babel@savecnt=\count275
\U@D=\dimen150
\l@unhyphenated=\language87
 (/usr/local/texlive/2023/texmf-dist/tex/generic/babel/txtbabel.def)
\bbl@readstream=\read2
\bbl@dirlevel=\count276
 (/usr/local/texlive/2023/texmf-dist/tex/generic/babel-spanish/spanish.ldf
Language: spanish.ldf 2021/05/27 v5.0q Spanish support from the babel system
\es@quottoks=\toks29
\es@quotdepth=\count277
Package babel Info: Making " an active character on input line 570.
Package babel Info: Making . an active character on input line 675.
Package babel Info: Making < an active character on input line 722.
Package babel Info: Making > an active character on input line 722.
)) (/usr/local/texlive/2023/texmf-dist/tex/generic/babel/locale/es/babel-spanish.tex
Package babel Info: Importing font and identification data for spanish
(babel)             from babel-es.ini. Reported on input line 11.
) (/usr/local/texlive/2023/texmf-dist/tex/latex/units/nicefrac.sty
Package: nicefrac 1998/08/04 v0.9b Nice fractions
\L@UnitsRaiseDisplaystyle=\skip56
\L@UnitsRaiseTextstyle=\skip57
\L@UnitsRaiseScriptstyle=\skip58
 (/usr/local/texlive/2023/texmf-dist/tex/latex/base/ifthen.sty
Package: ifthen 2022/04/13 v1.1d Standard LaTeX ifthen package (DPC)
)
LaTeX Info: Redefining \nicefrac on input line 131.
) (/usr/local/texlive/2023/texmf-dist/tex/latex/graphics/graphicx.sty
Package: graphicx 2021/09/16 v1.2d Enhanced LaTeX Graphics (DPC,SPQR)
 (/usr/local/texlive/2023/texmf-dist/tex/latex/graphics/keyval.sty
Package: keyval 2022/05/29 v1.15 key=value parser (DPC)
\KV@toks@=\toks30
) (/usr/local/texlive/2023/texmf-dist/tex/latex/graphics/graphics.sty
Package: graphics 2022/03/10 v1.4e Standard LaTeX Graphics (DPC,SPQR)
 (/usr/local/texlive/2023/texmf-dist/tex/latex/graphics/trig.sty
Package: trig 2021/08/11 v1.11 sin cos tan (DPC)
) (/usr/local/texlive/2023/texmf-dist/tex/latex/graphics-cfg/graphics.cfg
File: graphics.cfg 2016/06/04 v1.11 sample graphics configuration
)
Package graphics Info: Driver file: pdftex.def on input line 107.
 (/usr/local/texlive/2023/texmf-dist/tex/latex/graphics-def/pdftex.def
File: pdftex.def 2022/09/22 v1.2b Graphics/color driver for pdftex
))
\Gin@req@height=\dimen151
\Gin@req@width=\dimen152
) (/usr/local/texlive/2023/texmf-dist/tex/latex/float/float.sty
Package: float 2001/11/08 v1.3d Float enhancements (AL)
\c@float@type=\count278
\float@exts=\toks31
\float@box=\box53
\@float@everytoks=\toks32
\@floatcapt=\box54
) (/usr/local/texlive/2023/texmf-dist/tex/latex/hyperref/hyperref.sty
Package: hyperref 2023-02-07 v7.00v Hypertext links for LaTeX
 (/usr/local/texlive/2023/texmf-dist/tex/generic/ltxcmds/ltxcmds.sty
Package: ltxcmds 2020-05-10 v1.25 LaTeX kernel commands for general use (HO)
) (/usr/local/texlive/2023/texmf-dist/tex/generic/iftex/iftex.sty
Package: iftex 2022/02/03 v1.0f TeX engine tests
) (/usr/local/texlive/2023/texmf-dist/tex/generic/pdftexcmds/pdftexcmds.sty
Package: pdftexcmds 2020-06-27 v0.33 Utility functions of pdfTeX for LuaTeX (HO)
 (/usr/local/texlive/2023/texmf-dist/tex/generic/infwarerr/infwarerr.sty
Package: infwarerr 2019/12/03 v1.5 Providing info/warning/error messages (HO)
)
Package pdftexcmds Info: \pdf@primitive is available.
Package pdftexcmds Info: \pdf@ifprimitive is available.
Package pdftexcmds Info: \pdfdraftmode found.
) (/usr/local/texlive/2023/texmf-dist/tex/latex/kvsetkeys/kvsetkeys.sty
Package: kvsetkeys 2022-10-05 v1.19 Key value parser (HO)
) (/usr/local/texlive/2023/texmf-dist/tex/generic/kvdefinekeys/kvdefinekeys.sty
Package: kvdefinekeys 2019-12-19 v1.6 Define keys (HO)
) (/usr/local/texlive/2023/texmf-dist/tex/generic/pdfescape/pdfescape.sty
Package: pdfescape 2019/12/09 v1.15 Implements pdfTeX's escape features (HO)
) (/usr/local/texlive/2023/texmf-dist/tex/latex/hycolor/hycolor.sty
Package: hycolor 2020-01-27 v1.10 Color options for hyperref/bookmark (HO)
) (/usr/local/texlive/2023/texmf-dist/tex/latex/letltxmacro/letltxmacro.sty
Package: letltxmacro 2019/12/03 v1.6 Let assignment for LaTeX macros (HO)
) (/usr/local/texlive/2023/texmf-dist/tex/latex/auxhook/auxhook.sty
Package: auxhook 2019-12-17 v1.6 Hooks for auxiliary files (HO)
) (/usr/local/texlive/2023/texmf-dist/tex/latex/hyperref/nameref.sty
Package: nameref 2022-05-17 v2.50 Cross-referencing by name of section
 (/usr/local/texlive/2023/texmf-dist/tex/latex/refcount/refcount.sty
Package: refcount 2019/12/15 v3.6 Data extraction from label references (HO)
) (/usr/local/texlive/2023/texmf-dist/tex/generic/gettitlestring/gettitlestring.sty
Package: gettitlestring 2019/12/15 v1.6 Cleanup title references (HO)
 (/usr/local/texlive/2023/texmf-dist/tex/latex/kvoptions/kvoptions.sty
Package: kvoptions 2022-06-15 v3.15 Key value format for package options (HO)
))
\c@section@level=\count279
)
\@linkdim=\dimen153
\Hy@linkcounter=\count280
\Hy@pagecounter=\count281
 (/usr/local/texlive/2023/texmf-dist/tex/latex/hyperref/pd1enc.def
File: pd1enc.def 2023-02-07 v7.00v Hyperref: PDFDocEncoding definition (HO)
Now handling font encoding PD1 ...
... no UTF-8 mapping file for font encoding PD1
) (/usr/local/texlive/2023/texmf-dist/tex/generic/intcalc/intcalc.sty
Package: intcalc 2019/12/15 v1.3 Expandable calculations with integers (HO)
) (/usr/local/texlive/2023/texmf-dist/tex/generic/etexcmds/etexcmds.sty
Package: etexcmds 2019/12/15 v1.7 Avoid name clashes with e-TeX commands (HO)
)
\Hy@SavedSpaceFactor=\count282
 (/usr/local/texlive/2023/texmf-dist/tex/latex/hyperref/puenc.def
File: puenc.def 2023-02-07 v7.00v Hyperref: PDF Unicode definition (HO)
Now handling font encoding PU ...
... no UTF-8 mapping file for font encoding PU
)
Package hyperref Info: Option `colorlinks' set `true' on input line 4060.
Package hyperref Info: Hyper figures OFF on input line 4177.
Package hyperref Info: Link nesting OFF on input line 4182.
Package hyperref Info: Hyper index ON on input line 4185.
Package hyperref Info: Plain pages OFF on input line 4192.
Package hyperref Info: Backreferencing OFF on input line 4197.
Package hyperref Info: Implicit mode ON; LaTeX internals redefined.
Package hyperref Info: Bookmarks ON on input line 4425.
\c@Hy@tempcnt=\count283
 (/usr/local/texlive/2023/texmf-dist/tex/latex/url/url.sty
\Urlmuskip=\muskip17
Package: url 2013/09/16  ver 3.4  Verb mode for urls, etc.
)
LaTeX Info: Redefining \url on input line 4763.
\XeTeXLinkMargin=\dimen154
 (/usr/local/texlive/2023/texmf-dist/tex/generic/bitset/bitset.sty
Package: bitset 2019/12/09 v1.3 Handle bit-vector datatype (HO)
 (/usr/local/texlive/2023/texmf-dist/tex/generic/bigintcalc/bigintcalc.sty
Package: bigintcalc 2019/12/15 v1.5 Expandable calculations on big integers (HO)
))
\Fld@menulength=\count284
\Field@Width=\dimen155
\Fld@charsize=\dimen156
Package hyperref Info: Hyper figures OFF on input line 6042.
Package hyperref Info: Link nesting OFF on input line 6047.
Package hyperref Info: Hyper index ON on input line 6050.
Package hyperref Info: backreferencing OFF on input line 6057.
Package hyperref Info: Link coloring ON on input line 6060.
Package hyperref Info: Link coloring with OCG OFF on input line 6067.
Package hyperref Info: PDF/A mode OFF on input line 6072.
 (/usr/local/texlive/2023/texmf-dist/tex/latex/base/atbegshi-ltx.sty
Package: atbegshi-ltx 2021/01/10 v1.0c Emulation of the original atbegshi
package with kernel methods
)
\Hy@abspage=\count285
\c@Item=\count286
\c@Hfootnote=\count287
)
Package hyperref Info: Driver (autodetected): hpdftex.
 (/usr/local/texlive/2023/texmf-dist/tex/latex/hyperref/hpdftex.def
File: hpdftex.def 2023-02-07 v7.00v Hyperref driver for pdfTeX
 (/usr/local/texlive/2023/texmf-dist/tex/latex/base/atveryend-ltx.sty
Package: atveryend-ltx 2020/08/19 v1.0a Emulation of the original atveryend package
with kernel methods
)
\Fld@listcount=\count288
\c@bookmark@seq@number=\count289
 (/usr/local/texlive/2023/texmf-dist/tex/latex/rerunfilecheck/rerunfilecheck.sty
Package: rerunfilecheck 2022-07-10 v1.10 Rerun checks for auxiliary files (HO)
 (/usr/local/texlive/2023/texmf-dist/tex/generic/uniquecounter/uniquecounter.sty
Package: uniquecounter 2019/12/15 v1.4 Provide unlimited unique counter (HO)
)
Package uniquecounter Info: New unique counter `rerunfilecheck' on input line 285.
)
\Hy@SectionHShift=\skip59
) (/usr/local/texlive/2023/texmf-dist/tex/latex/fncychap/fncychap.sty
Package: fncychap 2007/07/30 v1.34 LaTeX package (Revised chapters)
\RW=\skip60
\mylen=\skip61
\myhi=\skip62
\px=\skip63
\py=\skip64
\pyy=\skip65
\pxx=\skip66
) (/usr/local/texlive/2023/texmf-dist/tex/latex/marginnote/marginnote.sty
Package: marginnote 2018/08/09 v1.4b non floating margin notes for LaTeX
\c@mn@abspage=\count290
) (/usr/local/texlive/2023/texmf-dist/tex/latex/multirow/multirow.sty
Package: multirow 2021/03/15 v2.8 Span multiple rows of a table
\multirow@colwidth=\skip67
\multirow@cntb=\count291
\multirow@dima=\skip68
\bigstrutjot=\dimen157
) (/usr/local/texlive/2023/texmf-dist/tex/latex/tools/array.sty
Package: array 2022/09/04 v2.5g Tabular extension package (FMi)
\col@sep=\dimen158
\ar@mcellbox=\box55
\extrarowheight=\dimen159
\NC@list=\toks33
\extratabsurround=\skip69
\backup@length=\skip70
\ar@cellbox=\box56
) (/usr/local/texlive/2023/texmf-dist/tex/latex/l3backend/l3backend-pdftex.def
File: l3backend-pdftex.def 2023-01-16 L3 backend support: PDF output (pdfTeX)
\l__color_backend_stack_int=\count292
\l__pdf_internal_box=\box57
)
No file Apunte.aux.
\openout1 = `Apunte.aux'.

LaTeX Font Info:    Checking defaults for OML/cmm/m/it on input line 22.
LaTeX Font Info:    ... okay on input line 22.
LaTeX Font Info:    Checking defaults for OMS/cmsy/m/n on input line 22.
LaTeX Font Info:    ... okay on input line 22.
LaTeX Font Info:    Checking defaults for OT1/cmr/m/n on input line 22.
LaTeX Font Info:    ... okay on input line 22.
LaTeX Font Info:    Checking defaults for T1/cmr/m/n on input line 22.
LaTeX Font Info:    ... okay on input line 22.
LaTeX Font Info:    Checking defaults for TS1/cmr/m/n on input line 22.
LaTeX Font Info:    ... okay on input line 22.
LaTeX Font Info:    Checking defaults for OMX/cmex/m/n on input line 22.
LaTeX Font Info:    ... okay on input line 22.
LaTeX Font Info:    Checking defaults for U/cmr/m/n on input line 22.
LaTeX Font Info:    ... okay on input line 22.
LaTeX Font Info:    Checking defaults for PD1/pdf/m/n on input line 22.
LaTeX Font Info:    ... okay on input line 22.
LaTeX Font Info:    Checking defaults for PU/pdf/m/n on input line 22.
LaTeX Font Info:    ... okay on input line 22.
LaTeX Info: Redefining \. on input line 22.
LaTeX Info: Redefining \% on input line 22.
(/usr/local/texlive/2023/texmf-dist/tex/context/base/mkii/supp-pdf.mkii
[Loading MPS to PDF converter (version 2006.09.02).]
\scratchcounter=\count293
\scratchdimen=\dimen160
\scratchbox=\box58
\nofMPsegments=\count294
\nofMParguments=\count295
\everyMPshowfont=\toks34
\MPscratchCnt=\count296
\MPscratchDim=\dimen161
\MPnumerator=\count297
\makeMPintoPDFobject=\count298
\everyMPtoPDFconversion=\toks35
) (/usr/local/texlive/2023/texmf-dist/tex/latex/epstopdf-pkg/epstopdf-base.sty
Package: epstopdf-base 2020-01-24 v2.11 Base part for package epstopdf
Package epstopdf-base Info: Redefining graphics rule for `.eps' on input line 485.
 (/usr/local/texlive/2023/texmf-dist/tex/latex/latexconfig/epstopdf-sys.cfg
File: epstopdf-sys.cfg 2010/07/13 v1.3 Configuration of (r)epstopdf for TeX Live
)) (/usr/local/texlive/2023/texmf-dist/tex/latex/graphics/color.sty
Package: color 2022/01/06 v1.3d Standard LaTeX Color (DPC)
 (/usr/local/texlive/2023/texmf-dist/tex/latex/graphics-cfg/color.cfg
File: color.cfg 2016/01/02 v1.6 sample color configuration
)
Package color Info: Driver file: pdftex.def on input line 149.
 (/usr/local/texlive/2023/texmf-dist/tex/latex/graphics/mathcolor.ltx))
Package hyperref Info: Link coloring ON on input line 22.
\@outlinefile=\write3
\openout3 = `Apunte.out'.


Underfull \hbox (badness 10000) in paragraph at lines 24--25

 []

[1{/usr/local/texlive/2023/texmf-var/fonts/map/pdftex/updmap/pdftex.map}

] [2

]
LaTeX Font Info:    Trying to load font information for U+msa on input line 29.
 (/usr/local/texlive/2023/texmf-dist/tex/latex/amsfonts/umsa.fd
File: umsa.fd 2013/01/14 v3.01 AMS symbols A
)
LaTeX Font Info:    Trying to load font information for U+msb on input line 29.
 (/usr/local/texlive/2023/texmf-dist/tex/latex/amsfonts/umsb.fd
File: umsb.fd 2013/01/14 v3.01 AMS symbols B
)
pdfTeX warning (ext4): destination with the same identifier (name{page.1}) has been already used, duplicate ignored
<to be read again> 
                   \relax 
l.29 
      [1]
pdfTeX warning (ext4): destination with the same identifier (name{page.2}) has been already used, duplicate ignored
<to be read again> 
                   \relax 
l.37 \tableofcontents
                      [2

]
No file Apunte.toc.
\tf@toc=\write4
\openout4 = `Apunte.toc'.

[3]
LaTeX Info: Redefining \. on input line 39.
LaTeX Info: Redefining \% on input line 39.
 [4

]
Cap\'{\i }tulo 1.
(./Intro/Tex/Que es la EcoPol.tex
Underfull \hbox (badness 10000) in paragraph at lines 1--2

 []

Package marginnote Info: Suggest that margin note 7.1 will be on
(marginnote)             absolute page 7.
(marginnote)             This may be wrong on input line 7.
Package marginnote Info: xpos seems to be \@mn@currxpos  on input line 7.
)
Underfull \vbox (badness 1122) has occurred while \output is active []

 [5]
LaTeX Info: Redefining \. on input line 49.
LaTeX Info: Redefining \% on input line 49.
 [6]
Cap\'{\i }tulo 2.
[7

]
LaTeX Info: Redefining \. on input line 61.
LaTeX Info: Redefining \% on input line 61.
 [8

]
Cap\'{\i }tulo 3.
(./PrivadoPublico/Tex/EquilibrioGeneral.tex
Package marginnote Info: Suggest that margin note 11.1 will be on
(marginnote)             absolute page 11.
(marginnote)             This may be wrong on input line 5.
Package marginnote Info: xpos seems to be \@mn@currxpos  on input line 5.
Package marginnote Info: Suggest that margin note 11.2 will be on
(marginnote)             absolute page 11.
(marginnote)             This may be wrong on input line 9.
Package marginnote Info: xpos seems to be \@mn@currxpos  on input line 9.
 [9]
Package marginnote Info: Suggest that margin note 12.1 will be on
(marginnote)             absolute page 12.
(marginnote)             This may be wrong on input line 13.
Package marginnote Info: xpos seems to be \@mn@currxpos  on input line 13.
Package marginnote Info: Suggest that margin note 12.2 will be on
(marginnote)             absolute page 12.
(marginnote)             This may be wrong on input line 13.
Package marginnote Info: xpos seems to be \@mn@currxpos  on input line 13.
LaTeX Info: Redefining \. on input line 22.
LaTeX Info: Redefining \% on input line 22.
 [10]
Package marginnote Info: Suggest that margin note 13.1 will be on
(marginnote)             absolute page 13.
(marginnote)             This may be wrong on input line 26.
Package marginnote Info: xpos seems to be \@mn@currxpos  on input line 26.
Package marginnote Info: Suggest that margin note 13.2 will be on
(marginnote)             absolute page 13.
(marginnote)             This may be wrong on input line 30.
Package marginnote Info: xpos seems to be \@mn@currxpos  on input line 30.
Package marginnote Info: Suggest that margin note 13.3 will be on
(marginnote)             absolute page 13.
(marginnote)             This may be wrong on input line 30.
Package marginnote Info: xpos seems to be \@mn@currxpos  on input line 30.
Package marginnote Info: Suggest that margin note 13.4 will be on
(marginnote)             absolute page 13.
(marginnote)             This may be wrong on input line 30.
Package marginnote Info: xpos seems to be \@mn@currxpos  on input line 30.


LaTeX Warning: Reference `fig:caja dimensiones' on page 11 undefined on input line 36.


LaTeX Warning: File `Figuras/EG Dotacion inicial.jpeg' not found on input line 40.


! Package pdftex.def Error: File `Figuras/EG Dotacion inicial.jpeg' not found: using draft setting.

See the pdftex.def package documentation for explanation.
Type  H <return>  for immediate help.
 ...                                              
                                                  
l.40 ...xtwidth]{Figuras/EG Dotacion inicial.jpeg}
                                                  
Try typing  <return>  to proceed.
If that doesn't work, type  X <return>  to quit.

LaTeX Info: Redefining \. on input line 46.
LaTeX Info: Redefining \% on input line 46.
[11]
LaTeX Info: Redefining \. on input line 46.
LaTeX Info: Redefining \% on input line 46.
 [12]

LaTeX Warning: Reference `fig:caja indiferencias' on page 13 undefined on input line 52.


LaTeX Warning: File `Figuras/EG Curvas de indiferencias.jpeg' not found on input line 56.


! Package pdftex.def Error: File `Figuras/EG Curvas de indiferencias.jpeg' not found: using draft setting.

See the pdftex.def package documentation for explanation.
Type  H <return>  for immediate help.
 ...                                              
                                                  
l.56 ...]{Figuras/EG Curvas de indiferencias.jpeg}
                                                  
Try typing  <return>  to proceed.
If that doesn't work, type  X <return>  to quit.

Package marginnote Info: Suggest that margin note 15.1 will be on
(marginnote)             absolute page 15.
(marginnote)             This may be wrong on input line 62.
Package marginnote Info: xpos seems to be \@mn@currxpos  on input line 62.
Package marginnote Info: Suggest that margin note 15.2 will be on
(marginnote)             absolute page 15.
(marginnote)             This may be wrong on input line 62.
Package marginnote Info: xpos seems to be \@mn@currxpos  on input line 62.
Package marginnote Info: Suggest that margin note 15.3 will be on
(marginnote)             absolute page 15.
(marginnote)             This may be wrong on input line 66.
Package marginnote Info: xpos seems to be \@mn@currxpos  on input line 66.

LaTeX Warning: Reference `eq:TMS=TMS' on page 13 undefined on input line 66.

LaTeX Info: Redefining \. on input line 69.
LaTeX Info: Redefining \% on input line 69.
[13]
LaTeX Info: Redefining \. on input line 69.
LaTeX Info: Redefining \% on input line 69.
 [14]

LaTeX Warning: Reference `eq:TMS=TMS' on page 15 undefined on input line 70.

Package marginnote Info: Suggest that margin note 17.1 will be on
(marginnote)             absolute page 17.
(marginnote)             This may be wrong on input line 74.
Package marginnote Info: xpos seems to be \@mn@currxpos  on input line 74.
LaTeX Info: Redefining \. on input line 98.
LaTeX Info: Redefining \% on input line 98.
[15]

LaTeX Warning: File `Figuras/EG Curva de contrato.jpeg' not found on input line 111.


! Package pdftex.def Error: File `Figuras/EG Curva de contrato.jpeg' not found: using draft setting.

See the pdftex.def package documentation for explanation.
Type  H <return>  for immediate help.
 ...                                              
                                                  
l.111 ...width]{Figuras/EG Curva de contrato.jpeg}
                                                  
Try typing  <return>  to proceed.
If that doesn't work, type  X <return>  to quit.


LaTeX Warning: Reference `eq:curva de contrato' on page 16 undefined on input line 114.

Package marginnote Info: Suggest that margin note 18.1 will be on
(marginnote)             absolute page 18.
(marginnote)             This may be wrong on input line 118.
Package marginnote Info: xpos seems to be \@mn@currxpos  on input line 118.
LaTeX Info: Redefining \. on input line 137.
LaTeX Info: Redefining \% on input line 137.
[16]
LaTeX Info: Redefining \. on input line 137.
LaTeX Info: Redefining \% on input line 137.
 [17]
LaTeX Info: Redefining \. on input line 164.
LaTeX Info: Redefining \% on input line 164.
 [18]
LaTeX Info: Redefining \. on input line 183.
LaTeX Info: Redefining \% on input line 183.
 [19]

LaTeX Warning: Reference `eq: TMT = TMT' on page 20 undefined on input line 195.


LaTeX Warning: Reference `fig:diapositiva4' on page 20 undefined on input line 199.


LaTeX Warning: File `Figuras/EG Curva de contrato con produccion.jpeg' not found on input line 203.


! Package pdftex.def Error: File `Figuras/EG Curva de contrato con produccion.jpeg' not found: using draft setting.

See the pdftex.def package documentation for explanation.
Type  H <return>  for immediate help.
 ...                                              
                                                  
l.203 ...EG Curva de contrato con produccion.jpeg}
                                                  
Try typing  <return>  to proceed.
If that doesn't work, type  X <return>  to quit.

Package marginnote Info: Suggest that margin note 22.1 will be on
(marginnote)             absolute page 22.
(marginnote)             This may be wrong on input line 206.
Package marginnote Info: xpos seems to be \@mn@currxpos  on input line 206.

LaTeX Warning: Reference `fig:diapositiva5' on page 20 undefined on input line 206.


LaTeX Warning: File `Figuras/EQ Frontera de posibilidades de produccion.jpeg' not found on input line 210.


! Package pdftex.def Error: File `Figuras/EQ Frontera de posibilidades de produccion.jpeg' not found: using draft setting.

See the pdftex.def package documentation for explanation.
Type  H <return>  for immediate help.
 ...                                              
                                                  
l.210 ...tera de posibilidades de produccion.jpeg}
                                                  
Try typing  <return>  to proceed.
If that doesn't work, type  X <return>  to quit.

)
LaTeX Info: Redefining \. on input line 64.
LaTeX Info: Redefining \% on input line 64.
 [20]
LaTeX Info: Redefining \. on input line 64.
LaTeX Info: Redefining \% on input line 64.
 [21] (./PrivadoPublico/Tex/Externalidades.tex

LaTeX Warning: File `Figuras/Eq Parcial EXT.jpg' not found on input line 15.


! Package pdftex.def Error: File `Figuras/Eq Parcial EXT.jpg' not found: using draft setting.

See the pdftex.def package documentation for explanation.
Type  H <return>  for immediate help.
 ...                                              
                                                  
l.15 ...0.5\textwidth]{Figuras/Eq Parcial EXT.jpg}
                                                  
Try typing  <return>  to proceed.
If that doesn't work, type  X <return>  to quit.

LaTeX Info: Redefining \. on input line 20.
LaTeX Info: Redefining \% on input line 20.
[22]
LaTeX Info: Redefining \. on input line 20.
LaTeX Info: Redefining \% on input line 20.
 [23]

LaTeX Warning: File `Figuras/Externalidad Produccion.jpg' not found on input line 24.


! Package pdftex.def Error: File `Figuras/Externalidad Produccion.jpg' not found: using draft setting.

See the pdftex.def package documentation for explanation.
Type  H <return>  for immediate help.
 ...                                              
                                                  
l.24 ...idth]{Figuras/Externalidad Produccion.jpg}
                                                  
Try typing  <return>  to proceed.
If that doesn't work, type  X <return>  to quit.

LaTeX Info: Redefining \. on input line 37.
LaTeX Info: Redefining \% on input line 37.
[24]
Package marginnote Info: Suggest that margin note 27.1 will be on
(marginnote)             absolute page 27.
(marginnote)             This may be wrong on input line 40.
Package marginnote Info: xpos seems to be \@mn@currxpos  on input line 40.
LaTeX Info: Redefining \. on input line 44.
LaTeX Info: Redefining \% on input line 44.
 [25]
Package marginnote Info: Suggest that margin note 28.1 will be on
(marginnote)             absolute page 28.
(marginnote)             This may be wrong on input line 46.
Package marginnote Info: xpos seems to be \@mn@currxpos  on input line 46.
)
LaTeX Info: Redefining \. on input line 79.
LaTeX Info: Redefining \% on input line 79.
 [26] (./PrivadoPublico/Tex/Ap PrivadoPublico.tex
Ap\'{e}ndice A.

LaTeX Warning: Reference `eq: e demand' on page 27 undefined on input line 5.


LaTeX Warning: Reference `eq: eq de mercado' on page 27 undefined on input line 20.

[27


]
LaTeX Info: Redefining \. on input line 56.
LaTeX Info: Redefining \% on input line 56.
 [28]

LaTeX Warning: Reference `eq: curva de contrato para la producci√≥n' on page 29 undefined on input line 61.


LaTeX Warning: Reference `eq: curva de contrato para la producci√≥n' on page 29 undefined on input line 68.


LaTeX Warning: Reference `eq: curva de contrato para la producci√≥n' on page 29 undefined on input line 74.

LaTeX Info: Redefining \. on input line 81.
LaTeX Info: Redefining \% on input line 81.
[29]
LaTeX Info: Redefining \. on input line 114.
LaTeX Info: Redefining \% on input line 114.
 [30]
LaTeX Info: Redefining \. on input line 132.
LaTeX Info: Redefining \% on input line 132.
 [31]
LaTeX Info: Redefining \. on input line 156.
LaTeX Info: Redefining \% on input line 156.
 [32])
LaTeX Info: Redefining \. on input line 84.
LaTeX Info: Redefining \% on input line 84.

Overfull \hbox (179.31554pt too wide) has occurred while \output is active
\OT1/cmr/m/sl/12 A.4.  GEOMETR[]IA DE LAS CURVAS DE CONTRATO BAJO DIFERENTES FUNCIONES DE UTILIDAD \OT1/cmr/m/n/12 33
 []

[33]
LaTeX Info: Redefining \. on input line 84.
LaTeX Info: Redefining \% on input line 84.
 [34

]
Cap\'{\i }tulo 4.
(./TiempoRiesgo/Tex/ConsumoInt y Riesgo.tex
Overfull \hbox (0.21774pt too wide) in paragraph at lines 1--1
[]\OT1/cmr/bx/n/17.28 Optimizaci^^Son in-ter-tem-po-ral y la aver-si^^Son
 []

Package marginnote Info: Suggest that margin note 37.1 will be on
(marginnote)             absolute page 37.
(marginnote)             This may be wrong on input line 3.
Package marginnote Info: xpos seems to be \@mn@currxpos  on input line 3.
[35]
Package marginnote Info: Suggest that margin note 38.1 will be on
(marginnote)             absolute page 38.
(marginnote)             This may be wrong on input line 13.
Package marginnote Info: xpos seems to be \@mn@currxpos  on input line 13.


LaTeX Warning: Reference `eq: rest 1' on page 36 undefined on input line 15.


LaTeX Warning: Reference `eq: rest 2' on page 36 undefined on input line 22.


LaTeX Warning: Reference `eq: rest 1' on page 36 undefined on input line 27.


LaTeX Warning: Reference `eq: rest 2' on page 36 undefined on input line 27.


LaTeX Warning: Reference `eq: valor futuro' on page 36 undefined on input line 34.

Package marginnote Info: Suggest that margin note 38.2 will be on
(marginnote)             absolute page 38.
(marginnote)             This may be wrong on input line 34.
Package marginnote Info: xpos seems to be \@mn@currxpos  on input line 34.

LaTeX Warning: Reference `eq: valor presente' on page 36 undefined on input line 34.

Package marginnote Info: Suggest that margin note 38.3 will be on
(marginnote)             absolute page 38.
(marginnote)             This may be wrong on input line 35.
Package marginnote Info: xpos seems to be \@mn@currxpos  on input line 35.

LaTeX Warning: Reference `fig: restricci√≥n intertemporal' on page 36 undefined on input line 41.

<TiempoRiesgo/Figuras/CI Restriccion intertemporal.jpeg, id=284, 722.7pt x 406.51875pt>
File: TiempoRiesgo/Figuras/CI Restriccion intertemporal.jpeg Graphic file (type jpg)
<use TiempoRiesgo/Figuras/CI Restriccion intertemporal.jpeg>
Package pdftex.def Info: TiempoRiesgo/Figuras/CI Restriccion intertemporal.jpeg  used on input line 45.
(pdftex.def)             Requested size: 390.0pt x 219.37418pt.
LaTeX Info: Redefining \. on input line 48.
LaTeX Info: Redefining \% on input line 48.
[36]

LaTeX Warning: Reference `fig: restricci√≥n intertemporal' on page 37 undefined on input line 49.

LaTeX Info: Redefining \. on input line 58.
LaTeX Info: Redefining \% on input line 58.

Overfull \hbox (11.01958pt too wide) has occurred while \output is active
\OT1/cmr/m/sl/12 4.1.  OPTIMIZACI[]ON INTERTEMPORAL Y LA AVERSI[]ON AL CAMBIO \OT1/cmr/m/n/12 37
 []

[37 <./TiempoRiesgo/Figuras/CI Restriccion intertemporal.jpeg>]

LaTeX Warning: Reference `eq: ut intertemporal' on page 38 undefined on input line 59.


Underfull \vbox (badness 10000) has occurred while \output is active []

LaTeX Info: Redefining \. on input line 77.
LaTeX Info: Redefining \% on input line 77.
 [38]

LaTeX Warning: Reference `eq: perfil del consumidor' on page 39 undefined on input line 78.


LaTeX Warning: Reference `eq: perfil del consumidor' on page 39 undefined on input line 86.

LaTeX Info: Redefining \. on input line 90.
LaTeX Info: Redefining \% on input line 90.

Overfull \hbox (11.01958pt too wide) has occurred while \output is active
\OT1/cmr/m/sl/12 4.1.  OPTIMIZACI[]ON INTERTEMPORAL Y LA AVERSI[]ON AL CAMBIO \OT1/cmr/m/n/12 39
 []

[39]

LaTeX Warning: Reference `eq: CRRA' on page 40 undefined on input line 94.


LaTeX Warning: Reference `eq: perfil con aversi√≥n al riesgo' on page 40 undefined on input line 99.

LaTeX Info: Redefining \. on input line 116.
LaTeX Info: Redefining \% on input line 116.
[40]
<TiempoRiesgo/Figuras/CI Restricciones de liquidez.jpeg, id=327, 722.7pt x 406.51875pt>
File: TiempoRiesgo/Figuras/CI Restricciones de liquidez.jpeg Graphic file (type jpg)
<use TiempoRiesgo/Figuras/CI Restricciones de liquidez.jpeg>
Package pdftex.def Info: TiempoRiesgo/Figuras/CI Restricciones de liquidez.jpeg  used on input line 122.
(pdftex.def)             Requested size: 390.0pt x 219.37418pt.


LaTeX Warning: Reference `fig: Restricciones liquidez bienestar' on page 41 undefined on input line 126.

LaTeX Info: Redefining \. on input line 127.
LaTeX Info: Redefining \% on input line 127.

Overfull \hbox (11.01958pt too wide) has occurred while \output is active
\OT1/cmr/m/sl/12 4.1.  OPTIMIZACI[]ON INTERTEMPORAL Y LA AVERSI[]ON AL CAMBIO \OT1/cmr/m/n/12 41
 []

[41 <./TiempoRiesgo/Figuras/CI Restricciones de liquidez.jpeg>]) (./TiempoRiesgo/Tex/La teoria de mercados eficientes.tex
Package marginnote Info: Suggest that margin note 44.1 will be on
(marginnote)             absolute page 44.
(marginnote)             This may be wrong on input line 5.
Package marginnote Info: xpos seems to be \@mn@currxpos  on input line 5.
<TiempoRiesgo/Figuras/Curvas de indiferencia riesgo-retorno.jpeg, id=336, 722.7pt x 542.025pt>
File: TiempoRiesgo/Figuras/Curvas de indiferencia riesgo-retorno.jpeg Graphic file (type jpg)
<use TiempoRiesgo/Figuras/Curvas de indiferencia riesgo-retorno.jpeg>
Package pdftex.def Info: TiempoRiesgo/Figuras/Curvas de indiferencia riesgo-retorno.jpeg  used on input line 12.
(pdftex.def)             Requested size: 284.52756pt x 213.39865pt.


LaTeX Warning: Reference `fig: Curvas de indiferencia riesgo-retorno' on page 42 undefined on input line 15.

LaTeX Info: Redefining \. on input line 16.
LaTeX Info: Redefining \% on input line 16.
[42]
Package marginnote Info: Suggest that margin note 45.1 will be on
(marginnote)             absolute page 45.
(marginnote)             This may be wrong on input line 19.
Package marginnote Info: xpos seems to be \@mn@currxpos  on input line 19.
Package marginnote Info: Suggest that margin note 45.2 will be on
(marginnote)             absolute page 45.
(marginnote)             This may be wrong on input line 25.
Package marginnote Info: xpos seems to be \@mn@currxpos  on input line 25.
LaTeX Info: Redefining \. on input line 28.
LaTeX Info: Redefining \% on input line 28.
 [43 <./TiempoRiesgo/Figuras/Curvas de indiferencia riesgo-retorno.jpeg>]

LaTeX Warning: Reference `eq: riesgo de portafolio suma' on page 44 undefined on input line 43.


LaTeX Warning: Reference `eq: riesgo de portafolio suma' on page 44 undefined on input line 45.

LaTeX Info: Redefining \. on input line 46.
LaTeX Info: Redefining \% on input line 46.
[44]

LaTeX Warning: Reference `fig: Diversificaci√≥n del riesgo con dos activos' on page 45 undefined on input line 47.

<TiempoRiesgo/Figuras/Riesgo de un portafolio y reduccion de riesgo.jpeg, id=360, 722.7pt x 542.025pt>
File: TiempoRiesgo/Figuras/Riesgo de un portafolio y reduccion de riesgo.jpeg Graphic file (type jpg)
<use TiempoRiesgo/Figuras/Riesgo de un portafolio y reduccion de riesgo.jpeg>
Package pdftex.def Info: TiempoRiesgo/Figuras/Riesgo de un portafolio y reduccion de riesgo.jpeg  used on input line 52.
(pdftex.def)             Requested size: 312.9803pt x 234.73686pt.

Underfull \vbox (badness 5667) has occurred while \output is active []

LaTeX Info: Redefining \. on input line 59.
LaTeX Info: Redefining \% on input line 59.
 [45 <./TiempoRiesgo/Figuras/Riesgo de un portafolio y reduccion de riesgo.jpeg>])
LaTeX Info: Redefining \. on input line 100.
LaTeX Info: Redefining \% on input line 100.
 [46] (./TiempoRiesgo/Tex/Ap TiempoRiesgo.tex
Ap\'{e}ndice B.

Underfull \vbox (badness 3219) has occurred while \output is active []

 [47


]

LaTeX Warning: Reference `eq: Ecuaci√≥n de euler random' on page 48 undefined on input line 26.


LaTeX Warning: Reference `eq: ecuaci√≥n cuadr√°tica' on page 48 undefined on input line 28.


LaTeX Warning: Reference `eq: random walk resultado' on page 48 undefined on input line 42.


LaTeX Warning: Reference `eq: random walk resultado' on page 48 undefined on input line 46.

LaTeX Info: Redefining \. on input line 55.
LaTeX Info: Redefining \% on input line 55.
[48]

LaTeX Warning: Reference `eq: Ecuaci√≥n de euler random' on page 49 undefined on input line 56.


LaTeX Warning: Reference `eq: incertidumbre marginla averso' on page 49 undefined on input line 61.


LaTeX Warning: Reference `eq: Ecuaci√≥n de euler random' on page 49 undefined on input line 64.


LaTeX Warning: Reference `eq: Ecuaci√≥n de euler random 2' on page 49 undefined on input line 68.


LaTeX Warning: Reference `eq: Ecuaci√≥n de euler random 2' on page 49 undefined on input line 75.

LaTeX Info: Redefining \. on input line 78.
LaTeX Info: Redefining \% on input line 78.
[49]

LaTeX Warning: Reference `eq: Diferencial riesgoso' on page 50 undefined on input line 79.


LaTeX Warning: Reference `eq: diferencial libre de riesgo' on page 50 undefined on input line 79.

)
LaTeX Info: Redefining \. on input line 105.
LaTeX Info: Redefining \% on input line 105.
 [50]
Cap\'{\i }tulo 5.
(./I-O/Tex/Teoria de juegos.tex
Package marginnote Info: Suggest that margin note 53.1 will be on
(marginnote)             absolute page 53.
(marginnote)             This may be wrong on input line 8.
Package marginnote Info: xpos seems to be \@mn@currxpos  on input line 8.


LaTeX Warning: Reference `cuadro: matriz de pago gen√©rica' on page 51 undefined on input line 8.


LaTeX Warning: Reference `cuadro: B decide X' on page 51 undefined on input line 26.

[51

]
LaTeX Info: Redefining \. on input line 53.
LaTeX Info: Redefining \% on input line 53.
 [52]
LaTeX Info: Redefining \. on input line 110.
LaTeX Info: Redefining \% on input line 110.
 [53]
LaTeX Info: Redefining \. on input line 139.
LaTeX Info: Redefining \% on input line 139.
 [54]

LaTeX Warning: File `Figuras/juegos secuencia.png' not found on input line 149.


! Package pdftex.def Error: File `Figuras/juegos secuencia.png' not found: using draft setting.

See the pdftex.def package documentation for explanation.
Type  H <return>  for immediate help.
 ...                                              
                                                  
l.149 ...[scale=0.5]{Figuras/juegos secuencia.png}
                                                  
Try typing  <return>  to proceed.
If that doesn't work, type  X <return>  to quit.

LaTeX Info: Redefining \. on input line 170.
LaTeX Info: Redefining \% on input line 170.
[55]

LaTeX Warning: File `Figuras/InduccioÃÅn.png' not found on input line 174.


! Package pdftex.def Error: File `Figuras/InduccioÃÅn.png' not found: using draft setting.

See the pdftex.def package documentation for explanation.
Type  H <return>  for immediate help.
 ...                                              
                                                  
l.174 ...cs[scale = 0.50]{Figuras/InduccioÃÅn.png}
                                                  
Try typing  <return>  to proceed.
If that doesn't work, type  X <return>  to quit.

Missing character: There is no Ã in font cmtt12!
Missing character: There is no Å in font cmtt12!
) (./I-O/Tex/Competencia imperfecta.tex
Package marginnote Info: Suggest that margin note 58.1 will be on
(marginnote)             absolute page 58.
(marginnote)             This may be wrong on input line 5.
Package marginnote Info: xpos seems to be \@mn@currxpos  on input line 5.
Package marginnote Info: Suggest that margin note 58.2 will be on
(marginnote)             absolute page 58.
(marginnote)             This may be wrong on input line 7.
Package marginnote Info: xpos seems to be \@mn@currxpos  on input line 7.
LaTeX Info: Redefining \. on input line 8.
LaTeX Info: Redefining \% on input line 8.
 [56]
Package marginnote Info: Suggest that margin note 59.1 will be on
(marginnote)             absolute page 59.
(marginnote)             This may be wrong on input line 11.
Package marginnote Info: xpos seems to be \@mn@currxpos  on input line 11.
Package marginnote Info: Suggest that margin note 59.2 will be on
(marginnote)             absolute page 59.
(marginnote)             This may be wrong on input line 19.
Package marginnote Info: xpos seems to be \@mn@currxpos  on input line 19.
LaTeX Info: Redefining \. on input line 22.
LaTeX Info: Redefining \% on input line 22.
 [57]
Package marginnote Info: Suggest that margin note 60.1 will be on
(marginnote)             absolute page 60.
(marginnote)             This may be wrong on input line 26.
Package marginnote Info: xpos seems to be \@mn@currxpos  on input line 26.


LaTeX Warning: Reference `fig:funciones de reacci√≥n Bertrand' on page 58 undefined on input line 38.

LaTeX Info: Redefining \. on input line 41.
LaTeX Info: Redefining \% on input line 41.
[58]

LaTeX Warning: File `Figuras/Funci√≥n de reacci√≥n Bertrand.jpeg' not found on input line 46.


! Package pdftex.def Error: File `Figuras/Funci√≥n de reacci√≥n Bertrand.jpeg' not found: using draft setting.

See the pdftex.def package documentation for explanation.
Type  H <return>  for immediate help.
 ...                                              
                                                  
l.46 ...guras/Funci√≥n de reacci√≥n Bertrand.jpeg}
                                                  
Try typing  <return>  to proceed.
If that doesn't work, type  X <return>  to quit.

Missing character: There is no √ in font cmtt12!
Missing character: There is no ≥ in font cmtt12!
Missing character: There is no √ in font cmtt12!
Missing character: There is no ≥ in font cmtt12!

Overfull \hbox (36.79134pt too wide) in paragraph at lines 46--48
 [][] 
 []

Package marginnote Info: Suggest that margin note 61.1 will be on
(marginnote)             absolute page 61.
(marginnote)             This may be wrong on input line 55.
Package marginnote Info: xpos seems to be \@mn@currxpos  on input line 55.

LaTeX Warning: Reference `fig:EN Bertrand sim' on page 59 undefined on input line 55.


LaTeX Warning: File `Figuras/EN Bertrand con firmas sim√©tricas.jpeg' not found on input line 60.


! Package pdftex.def Error: File `Figuras/EN Bertrand con firmas sim√©tricas.jpeg' not found: using draft setting.

See the pdftex.def package documentation for explanation.
Type  H <return>  for immediate help.
 ...                                              
                                                  
l.60 ...s/EN Bertrand con firmas sim√©tricas.jpeg}
                                                  
Try typing  <return>  to proceed.
If that doesn't work, type  X <return>  to quit.

Missing character: There is no √ in font cmtt12!
Missing character: There is no © in font cmtt12!

Overfull \hbox (36.79134pt too wide) in paragraph at lines 60--62
 [][] 
 []


LaTeX Warning: Reference `fig:EN Bertrand asim' on page 59 undefined on input line 64.


LaTeX Warning: File `Figuras/EN Bertrand firmas asim√©tricas.jpeg' not found on input line 70.


! Package pdftex.def Error: File `Figuras/EN Bertrand firmas asim√©tricas.jpeg' not found: using draft setting.

See the pdftex.def package documentation for explanation.
Type  H <return>  for immediate help.
 ...                                              
                                                  
l.70 ...uras/EN Bertrand firmas asim√©tricas.jpeg}
                                                  
Try typing  <return>  to proceed.
If that doesn't work, type  X <return>  to quit.

Missing character: There is no √ in font cmtt12!
Missing character: There is no © in font cmtt12!

Overfull \hbox (36.79134pt too wide) in paragraph at lines 70--72
 [][] 
 []

Package marginnote Info: Suggest that margin note 61.2 will be on
(marginnote)             absolute page 61.
(marginnote)             This may be wrong on input line 78.
Package marginnote Info: xpos seems to be \@mn@currxpos  on input line 78.
LaTeX Info: Redefining \. on input line 81.
LaTeX Info: Redefining \% on input line 81.
[59]

LaTeX Warning: Reference `eq: maximizaci√≥n' on page 60 undefined on input line 90.

LaTeX Info: Redefining \. on input line 105.
LaTeX Info: Redefining \% on input line 105.
[60]

LaTeX Warning: File `Figuras/EN Cournot.jpeg' not found on input line 110.


! Package pdftex.def Error: File `Figuras/EN Cournot.jpeg' not found: using draft setting.

See the pdftex.def package documentation for explanation.
Type  H <return>  for immediate help.
 ...                                              
                                                  
l.110 ...hics[width=12cm]{Figuras/EN Cournot.jpeg}
                                                  
Try typing  <return>  to proceed.
If that doesn't work, type  X <return>  to quit.


LaTeX Warning: Reference `eq: producci√≥n individual' on page 61 undefined on input line 119.


LaTeX Warning: Reference `eq: maximizaci√≥n' on page 61 undefined on input line 126.

LaTeX Info: Redefining \. on input line 141.
LaTeX Info: Redefining \% on input line 141.
[61]
Package marginnote Info: Suggest that margin note 64.1 will be on
(marginnote)             absolute page 64.
(marginnote)             This may be wrong on input line 148.
Package marginnote Info: xpos seems to be \@mn@currxpos  on input line 148.


LaTeX Warning: Reference `eq: Funci√≥n de reacci√≥n 1' on page 62 undefined on input line 157.

LaTeX Info: Redefining \. on input line 158.
LaTeX Info: Redefining \% on input line 158.
[62]
Package marginnote Info: Suggest that margin note 65.1 will be on
(marginnote)             absolute page 65.
(marginnote)             This may be wrong on input line 174.
Package marginnote Info: xpos seems to be \@mn@currxpos  on input line 174.
Package marginnote Info: Suggest that margin note 65.2 will be on
(marginnote)             absolute page 65.
(marginnote)             This may be wrong on input line 174.
Package marginnote Info: xpos seems to be \@mn@currxpos  on input line 174.
LaTeX Info: Redefining \. on input line 176.
LaTeX Info: Redefining \% on input line 176.
 [63]
LaTeX Info: Redefining \. on input line 191.
LaTeX Info: Redefining \% on input line 191.
 [64]

LaTeX Warning: Reference `eq: Desv√≠o del acuerdo competencia a la bertrand' on page 65 undefined on input line 192.


LaTeX Warning: Reference `eq: Condici√≥n de colusi√≥n generalizada' on page 65 undefined on input line 215.

LaTeX Info: Redefining \. on input line 217.
LaTeX Info: Redefining \% on input line 217.
[65]

LaTeX Warning: Reference `eq: Condici√≥n de colusi√≥n generalizada' on page 66 undefined on input line 217.


LaTeX Warning: Reference `eq: Condici√≥n que tiene un nombre del que no me acuerdo ;(' on page 66 undefined on input line 235.


LaTeX Warning: Reference `eq: Condici√≥n que tiene un nombre del que no me acuerdo ;(' on page 66 undefined on input line 245.

LaTeX Info: Redefining \. on input line 246.
LaTeX Info: Redefining \% on input line 246.
[66])
LaTeX Info: Redefining \. on input line 111.
LaTeX Info: Redefining \% on input line 111.
 [67]
LaTeX Info: Redefining \. on input line 111.
LaTeX Info: Redefining \% on input line 111.
 [68]
LaTeX Info: Redefining \. on input line 111.
LaTeX Info: Redefining \% on input line 111.
 [69]
LaTeX Info: Redefining \. on input line 111.
LaTeX Info: Redefining \% on input line 111.
 [70]
LaTeX Info: Redefining \. on input line 111.
LaTeX Info: Redefining \% on input line 111.
 [71]
LaTeX Info: Redefining \. on input line 111.
LaTeX Info: Redefining \% on input line 111.
 [72

] (./I-O/Tex/AP I-O.tex
Ap\'{e}ndice C.
) [73

] (./Apunte.aux
LaTeX Info: Redefining \. on input line 22.
LaTeX Info: Redefining \% on input line 22.
)

LaTeX Warning: There were undefined references.


LaTeX Warning: Label(s) may have changed. Rerun to get cross-references right.


Package rerunfilecheck Warning: File `Apunte.out' has changed.
(rerunfilecheck)                Rerun to get outlines right
(rerunfilecheck)                or use package `bookmark'.

Package rerunfilecheck Info: Checksums for `Apunte.out':
(rerunfilecheck)             Before: <no file>
(rerunfilecheck)             After:  4894DA9D628A9018C0C7AF3FAEFDE575;8597.
 ) 
Here is how much of TeX's memory you used:
 12417 strings out of 476025
 210076 string characters out of 5790017
 1866388 words of memory out of 5000000
 32328 multiletter control sequences out of 15000+600000
 525145 words of font info for 80 fonts, out of 8000000 for 9000
 1141 hyphenation exceptions out of 8191
 75i,16n,76p,1269b,581s stack positions out of 10000i,1000n,20000p,200000b,200000s
</usr/local/texlive/2023/texmf-dist/fonts/type1/public/amsfonts/cm/cmbx10.pfb></usr/local/texlive/2023/texmf-dist/fonts/type1/public/amsfonts/cm/cmbx12.pfb></usr/local/texlive/2023/texmf-dist/fonts/type1/public/amsfonts/cm/cmex10.pfb></usr/local/texlive/2023/texmf-dist/fonts/type1/public/amsfonts/cm/cmmi10.pfb></usr/local/texlive/2023/texmf-dist/fonts/type1/public/amsfonts/cm/cmmi12.pfb></usr/local/texlive/2023/texmf-dist/fonts/type1/public/amsfonts/cm/cmmi5.pfb></usr/local/texlive/2023/texmf-dist/fonts/type1/public/amsfonts/cm/cmmi6.pfb></usr/local/texlive/2023/texmf-dist/fonts/type1/public/amsfonts/cm/cmmi7.pfb></usr/local/texlive/2023/texmf-dist/fonts/type1/public/amsfonts/cm/cmmi8.pfb></usr/local/texlive/2023/texmf-dist/fonts/type1/public/amsfonts/cm/cmr10.pfb></usr/local/texlive/2023/texmf-dist/fonts/type1/public/amsfonts/cm/cmr12.pfb></usr/local/texlive/2023/texmf-dist/fonts/type1/public/amsfonts/cm/cmr17.pfb></usr/local/texlive/2023/texmf-dist/fonts/type1/public/amsfonts/cm/cmr6.pfb></usr/local/texlive/2023/texmf-dist/fonts/type1/public/amsfonts/cm/cmr7.pfb></usr/local/texlive/2023/texmf-dist/fonts/type1/public/amsfonts/cm/cmr8.pfb></usr/local/texlive/2023/texmf-dist/fonts/type1/public/amsfonts/cm/cmsl12.pfb></usr/local/texlive/2023/texmf-dist/fonts/type1/public/amsfonts/cm/cmsy10.pfb></usr/local/texlive/2023/texmf-dist/fonts/type1/public/amsfonts/cm/cmsy6.pfb></usr/local/texlive/2023/texmf-dist/fonts/type1/public/amsfonts/cm/cmsy7.pfb></usr/local/texlive/2023/texmf-dist/fonts/type1/public/amsfonts/cm/cmsy8.pfb></usr/local/texlive/2023/texmf-dist/fonts/type1/public/amsfonts/cm/cmti10.pfb></usr/local/texlive/2023/texmf-dist/fonts/type1/public/amsfonts/cm/cmti12.pfb></usr/local/texlive/2023/texmf-dist/fonts/type1/public/amsfonts/cm/cmtt12.pfb></usr/local/texlive/2023/texmf-dist/fonts/type1/public/amsfonts/symbols/msbm10.pfb>
Output written on Apunte.pdf (75 pages, 524402 bytes).
PDF statistics:
 758 PDF objects out of 1000 (max. 8388607)
 622 compressed objects within 7 object streams
 291 named destinations out of 1000 (max. 500000)
 21 words of extra memory for PDF output out of 10000 (max. 10000000)

